args =  Namespace(dataset='comb', split='dense', repeat=1, test=False, optruns=100, path='results/', name='jacobi+comb', detach=False, savemodel=False, power=False, cheby=False, legendre=False, bern=False, jacobi=True, sole=False, fixalpha=False, multilayer=False, resmultilayer=False)
1.0500, -0.7500, alpha 2.0, lr 0.0500/0.0500/0.0010, wd 0.0001/0.0010/0.0010, loss 21.5454567528
0.6500, 1.9500, alpha 0.5, lr 0.0500/0.0100/0.0050, wd 0.0010/0.0005/0.0010, loss 5.9239107299
0.4500, 0.6500, alpha 2.0, lr 0.0500/0.0010/0.0050, wd 0.0005/0.0010/0.0005, loss 5.6090576071
1.0000, 1.0500, alpha 2.0, lr 0.0500/0.0010/0.0010, wd 0.0001/0.0005/0.0000, loss 48.3545808601
-1.0000, -0.1500, alpha 0.5, lr 0.0010/0.0010/0.0050, wd 0.0005/0.0000/0.0010, loss 26.0335620308
1.7000, 1.4000, alpha 0.5, lr 0.0050/0.0050/0.0050, wd 0.0001/0.0000/0.0005, loss 6.1841960788
1.3000, 0.1000, alpha 0.5, lr 0.0100/0.0100/0.0500, wd 0.0005/0.0010/0.0000, loss 2.0845526183
0.9000, -0.8500, alpha 1.0, lr 0.0050/0.0010/0.0100, wd 0.0000/0.0001/0.0010, loss 5.0538430834
-0.4000, 0.8000, alpha 0.5, lr 0.0010/0.0010/0.0050, wd 0.0010/0.0005/0.0010, loss 7.9547289515
0.4500, 1.4000, alpha 0.5, lr 0.0050/0.0500/0.0500, wd 0.0005/0.0010/0.0001, loss 1.2567448628
0.1000, 2.0000, alpha 1.5, lr 0.0050/0.0500/0.0500, wd 0.0000/0.0001/0.0001, loss 7.8024754280
0.5500, 0.1500, alpha 2.0, lr 0.0500/0.0100/0.0100, wd 0.0001/0.0005/0.0001, loss 3.9715340841
1.7000, 0.2000, alpha 1.0, lr 0.0100/0.0100/0.0500, wd 0.0005/0.0010/0.0001, loss 1.9965667015
1.9000, 1.4000, alpha 1.0, lr 0.0100/0.0500/0.0500, wd 0.0005/0.0010/0.0001, loss 5.4642992401
1.7000, 0.0000, alpha 1.0, lr 0.0100/0.0100/0.0500, wd 0.0005/0.0010/0.0000, loss 2.0338089585
0.0500, -0.2500, alpha 1.0, lr 0.0100/0.0050/0.0500, wd 0.0005/0.0010/0.0001, loss 0.4588322523
-0.0500, 1.5000, alpha 1.5, lr 0.0050/0.0050/0.0500, wd 0.0005/0.0010/0.0001, loss 1.1674710828
-0.1500, -0.4000, alpha 1.5, lr 0.0100/0.0050/0.0500, wd 0.0005/0.0010/0.0001, loss 0.3874129853
-0.1500, -0.5000, alpha 1.5, lr 0.0050/0.0050/0.0500, wd 0.0005/0.0010/0.0001, loss 0.5037114437
-0.7000, -0.4000, alpha 1.5, lr 0.0100/0.0050/0.0010, wd 0.0010/0.0001/0.0001, loss 6.1615011376
-0.5500, -0.4500, alpha 1.5, lr 0.0100/0.0050/0.0500, wd 0.0000/0.0000/0.0001, loss 0.2874191546
-0.5000, -0.4500, alpha 1.5, lr 0.0100/0.0050/0.0100, wd 0.0000/0.0000/0.0005, loss 0.3255638382
-0.5500, -0.6000, alpha 1.5, lr 0.0100/0.0050/0.0100, wd 0.0000/0.0000/0.0005, loss 0.3350992979
-0.4500, -1.0000, alpha 1.5, lr 0.0100/0.0050/0.0500, wd 0.0000/0.0000/0.0001, loss 5.2783523655
-0.6000, -1.0000, alpha 1.5, lr 0.0100/0.0050/0.0100, wd 0.0000/0.0000/0.0005, loss 7.1025256658
-1.0000, -0.6500, alpha 1.5, lr 0.0100/0.0050/0.0100, wd 0.0000/0.0000/0.0005, loss 1.2108880925
-1.0000, -0.6500, alpha 1.5, lr 0.0100/0.0050/0.0100, wd 0.0000/0.0000/0.0005, loss 1.1951842177
-0.7500, -0.5500, alpha 2.0, lr 0.0010/0.0050/0.0100, wd 0.0000/0.0000/0.0005, loss 0.4173184940
-0.4000, 0.3000, alpha 1.0, lr 0.0100/0.0050/0.0100, wd 0.0000/0.0000/0.0005, loss 0.3078320345
-0.7500, 0.4000, alpha 2.0, lr 0.0010/0.0050/0.0100, wd 0.0000/0.0000/0.0005, loss 0.2912990182
-0.3000, 0.2500, alpha 1.0, lr 0.0100/0.0050/0.0100, wd 0.0000/0.0000/0.0005, loss 0.3403946775
-0.8000, 0.4000, alpha 2.0, lr 0.0010/0.0050/0.0100, wd 0.0000/0.0000/0.0005, loss 0.3012543943
0.2000, 0.6000, alpha 2.0, lr 0.0010/0.0050/0.0010, wd 0.0000/0.0000/0.0005, loss 19.8755495620
-0.8000, 0.4500, alpha 2.0, lr 0.0010/0.0050/0.0100, wd 0.0000/0.0000/0.0005, loss 0.2961881730
-0.8000, 0.4500, alpha 2.0, lr 0.0010/0.0050/0.0100, wd 0.0000/0.0000/0.0005, loss 0.2962432313
-0.8500, 0.4000, alpha 2.0, lr 0.0010/0.0050/0.0100, wd 0.0000/0.0000/0.0005, loss 0.3031891558
-0.8500, 0.9500, alpha 2.0, lr 0.0010/0.0500/0.0100, wd 0.0000/0.0000/0.0005, loss 0.2883037449
-0.2500, 0.9000, alpha 2.0, lr 0.0010/0.0500/0.0010, wd 0.0001/0.0000/0.0000, loss 7.8801997119
-0.2500, 0.9000, alpha 2.0, lr 0.0010/0.0500/0.0010, wd 0.0001/0.0000/0.0000, loss 12.5880929530
-0.6000, 1.1500, alpha 2.0, lr 0.0010/0.0500/0.0100, wd 0.0010/0.0005/0.0010, loss 0.3617149326
-0.9000, 0.6500, alpha 2.0, lr 0.0500/0.0010/0.0050, wd 0.0000/0.0001/0.0005, loss 0.2918601587
-0.6500, 1.0500, alpha 2.0, lr 0.0010/0.0500/0.0050, wd 0.0010/0.0005/0.0010, loss 0.3133269566
-0.9500, 0.7000, alpha 2.0, lr 0.0500/0.0010/0.0050, wd 0.0000/0.0001/0.0005, loss 0.2931249066
-0.9000, 0.7000, alpha 2.0, lr 0.0500/0.0010/0.0050, wd 0.0000/0.0001/0.0005, loss 0.2880800959
-0.9000, 0.7000, alpha 2.0, lr 0.0500/0.0010/0.0050, wd 0.0000/0.0001/0.0005, loss 0.2954462353
-0.8500, 0.6500, alpha 2.0, lr 0.0500/0.0010/0.0050, wd 0.0000/0.0001/0.0005, loss 0.2947144485
0.2500, 1.2000, alpha 2.0, lr 0.0500/0.0010/0.0050, wd 0.0000/0.0001/0.0005, loss 9.6858538377
1.2500, 1.1000, alpha 2.0, lr 0.0500/0.0010/0.0050, wd 0.0000/0.0001/0.0005, loss 18.4889189243
0.9000, 1.6500, alpha 2.0, lr 0.0500/0.0010/0.0050, wd 0.0000/0.0001/0.0005, loss 24.9813412762
-0.7000, -0.0500, alpha 2.0, lr 0.0500/0.0010/0.0050, wd 0.0001/0.0001/0.0000, loss 0.4677598736
-0.4000, 1.7500, alpha 2.0, lr 0.0500/0.0010/0.0050, wd 0.0001/0.0001/0.0000, loss 6.9232929239
-0.4500, 0.9500, alpha 2.0, lr 0.0500/0.0100/0.0050, wd 0.0000/0.0001/0.0010, loss 1.2878114258
-1.0000, 0.7500, alpha 2.0, lr 0.0500/0.0010/0.0050, wd 0.0000/0.0001/0.0005, loss 0.2867140810
-1.0000, 0.8000, alpha 2.0, lr 0.0500/0.0010/0.0050, wd 0.0000/0.0001/0.0005, loss 0.2867459404
-1.0000, 1.2500, alpha 2.0, lr 0.0500/0.0010/0.0050, wd 0.0000/0.0001/0.0005, loss 0.2867211480
-1.0000, 1.3000, alpha 2.0, lr 0.0500/0.0010/0.0050, wd 0.0000/0.0001/0.0005, loss 0.2867122878
-1.0000, 0.8000, alpha 2.0, lr 0.0500/0.0010/0.0050, wd 0.0000/0.0001/0.0005, loss 0.2877963860
-1.0000, 1.3000, alpha 1.5, lr 0.0500/0.0010/0.0050, wd 0.0010/0.0001/0.0001, loss 0.2867148245
-1.0000, 1.3000, alpha 1.5, lr 0.0500/0.0010/0.0050, wd 0.0010/0.0001/0.0001, loss 0.2867350962
-1.0000, 1.2500, alpha 1.5, lr 0.0500/0.0010/0.0050, wd 0.0010/0.0001/0.0001, loss 0.2867221773
-1.0000, 1.2500, alpha 1.5, lr 0.0500/0.0010/0.0050, wd 0.0010/0.0001/0.0001, loss 0.2867234493
-0.7000, 1.3000, alpha 1.5, lr 0.0500/0.0010/0.0050, wd 0.0010/0.0001/0.0001, loss 0.4234058338
-0.6500, 1.3000, alpha 1.5, lr 0.0500/0.0010/0.0050, wd 0.0010/0.0001/0.0001, loss 0.5262544395
-0.9000, 1.3000, alpha 1.5, lr 0.0500/0.0010/0.0050, wd 0.0010/0.0001/0.0001, loss 0.2990461578
-1.0000, 1.5000, alpha 1.5, lr 0.0500/0.0010/0.0050, wd 0.0010/0.0001/0.0001, loss 0.2867328549
-1.0000, 1.5000, alpha 1.5, lr 0.0500/0.0010/0.0050, wd 0.0010/0.0001/0.0001, loss 0.2867127712
-0.7500, 1.5500, alpha 1.5, lr 0.0500/0.0010/0.0050, wd 0.0010/0.0001/0.0001, loss 0.4855471248
-0.5500, 1.8000, alpha 1.0, lr 0.0050/0.0010/0.0050, wd 0.0010/0.0001/0.0001, loss 1.3736418495
-0.7500, 1.7000, alpha 1.5, lr 0.0500/0.0010/0.0050, wd 0.0010/0.0001/0.0001, loss 0.5725457560
-0.9000, 1.4000, alpha 1.5, lr 0.0500/0.0010/0.0050, wd 0.0010/0.0001/0.0001, loss 0.2995845647
-0.6500, 1.8500, alpha 0.5, lr 0.0500/0.0100/0.0050, wd 0.0010/0.0005/0.0001, loss 4.6589467192
0.5500, 1.8500, alpha 1.5, lr 0.0500/0.0100/0.0050, wd 0.0010/0.0001/0.0001, loss 14.7081798542
0.6500, 1.5500, alpha 1.5, lr 0.0500/0.0010/0.0050, wd 0.0010/0.0001/0.0001, loss 15.1939165235
-1.0000, 1.4500, alpha 1.5, lr 0.0500/0.0010/0.0050, wd 0.0010/0.0001/0.0001, loss 0.2867505398
-0.9500, 1.5500, alpha 1.5, lr 0.0500/0.0010/0.0050, wd 0.0010/0.0001/0.0001, loss 0.2953522963
-0.8500, 1.2000, alpha 1.5, lr 0.0500/0.0010/0.0050, wd 0.0010/0.0001/0.0001, loss 0.3033944130
-0.8000, 1.0500, alpha 1.5, lr 0.0050/0.0010/0.0050, wd 0.0010/0.0001/0.0001, loss 0.3019797759
-0.8000, 1.2500, alpha 1.5, lr 0.0500/0.0010/0.0050, wd 0.0010/0.0001/0.0001, loss 0.3159412045
1.9500, 1.6500, alpha 1.0, lr 0.0500/0.0010/0.0010, wd 0.0010/0.0010/0.0001, loss 49.0912504864
-0.9500, 1.4000, alpha 1.5, lr 0.0500/0.0010/0.0050, wd 0.0005/0.0001/0.0010, loss 0.2911846112
1.5500, 1.4500, alpha 1.0, lr 0.0500/0.0010/0.0010, wd 0.0010/0.0010/0.0001, loss 37.8206135845
-0.6000, 1.5000, alpha 1.0, lr 0.0500/0.0010/0.0050, wd 0.0010/0.0001/0.0001, loss 0.8498384964
-1.0000, 1.1000, alpha 1.5, lr 0.0500/0.0010/0.0050, wd 0.0010/0.0001/0.0001, loss 0.2867371930
-1.0000, 1.3500, alpha 1.5, lr 0.0500/0.0010/0.0050, wd 0.0010/0.0001/0.0001, loss 0.2867174727
-1.0000, 1.3000, alpha 1.5, lr 0.0500/0.0010/0.0050, wd 0.0010/0.0001/0.0001, loss 0.2867661596
-0.9000, 2.0000, alpha 1.5, lr 0.0500/0.0010/0.0050, wd 0.0010/0.0005/0.0001, loss 0.3611876228
-0.9000, 1.2000, alpha 1.5, lr 0.0500/0.0010/0.0050, wd 0.0010/0.0001/0.0001, loss 0.3039189237
-0.8500, 1.6000, alpha 1.5, lr 0.0500/0.0010/0.0050, wd 0.0010/0.0001/0.0001, loss 0.3347576159
-0.7500, 1.0000, alpha 1.5, lr 0.0050/0.0010/0.0500, wd 0.0005/0.0001/0.0000, loss 0.2867533220
-0.7000, 1.0000, alpha 1.5, lr 0.0050/0.0010/0.0500, wd 0.0005/0.0001/0.0000, loss 0.2868892007
-0.7000, 1.3500, alpha 1.5, lr 0.0500/0.0010/0.0050, wd 0.0001/0.0001/0.0010, loss 0.4385563307
-1.0000, 1.1500, alpha 1.5, lr 0.0500/0.0010/0.0050, wd 0.0010/0.0001/0.0001, loss 0.2867124370
-0.8000, 1.3500, alpha 1.5, lr 0.0500/0.0010/0.0050, wd 0.0001/0.0001/0.0010, loss 0.3329110965
-0.9500, 1.1500, alpha 1.5, lr 0.0500/0.0010/0.0050, wd 0.0010/0.0001/0.0001, loss 0.2869992911
-0.9500, 1.4500, alpha 1.5, lr 0.0500/0.0010/0.0050, wd 0.0010/0.0001/0.0001, loss 0.2890827270
-0.9500, 1.1500, alpha 1.5, lr 0.0500/0.0010/0.0050, wd 0.0010/0.0001/0.0001, loss 0.2899759519
-0.8500, 1.2000, alpha 1.5, lr 0.0500/0.0010/0.0050, wd 0.0010/0.0001/0.0001, loss 0.3029851581
-1.0000, 0.8500, alpha 1.5, lr 0.0500/0.0100/0.0050, wd 0.0010/0.0001/0.0005, loss 0.2867121540
-0.8500, 1.2500, alpha 1.5, lr 0.0500/0.0010/0.0050, wd 0.0010/0.0001/0.0001, loss 0.3308789907
-0.8500, 0.7500, alpha 2.0, lr 0.0500/0.0100/0.0050, wd 0.0010/0.0001/0.0005, loss 0.2953353573
best params  {'lr1': 0.05, 'lr2': 0.01, 'lr3': 0.005, 'wd1': 0.001, 'wd2': 0.0001, 'wd3': 0.0005, 'alpha': 1.5, 'a': -1.0, 'b': 0.8500000000000001}
best valf1  0.28671215403825046
