args =  Namespace(dataset='band', split='dense', repeat=1, test=False, optruns=100, path='results/', name='jacobi+band', detach=False, savemodel=False, power=False, cheby=False, legendre=False, bern=False, jacobi=True, sole=False, fixalpha=False, multilayer=False, resmultilayer=False)
0.5500, -0.3000, alpha 1.5, lr 0.0500/0.0500/0.0500, wd 0.0001/0.0010/0.0010, loss 2.1694004741
1.0000, 1.3000, alpha 1.0, lr 0.0010/0.0010/0.0500, wd 0.0000/0.0010/0.0010, loss 1.0974969379
0.2000, -1.0000, alpha 0.5, lr 0.0500/0.0100/0.0500, wd 0.0000/0.0000/0.0001, loss 3.3691182160
-0.4000, 0.5000, alpha 1.5, lr 0.0100/0.0500/0.0010, wd 0.0010/0.0010/0.0001, loss 1.3400726847
1.7000, 0.6000, alpha 1.0, lr 0.0500/0.0050/0.0100, wd 0.0005/0.0010/0.0001, loss 3.2412424131
0.9500, -0.7000, alpha 1.5, lr 0.0050/0.0500/0.0010, wd 0.0001/0.0010/0.0000, loss 11.3077678442
-0.5000, 1.8500, alpha 1.0, lr 0.0100/0.0010/0.0500, wd 0.0000/0.0005/0.0005, loss 0.0918850629
-0.6500, 1.4500, alpha 1.0, lr 0.0010/0.0100/0.0100, wd 0.0000/0.0005/0.0001, loss 0.0593378978
0.6000, 0.2500, alpha 1.5, lr 0.0050/0.0010/0.0010, wd 0.0001/0.0010/0.0001, loss 16.2141090059
-0.1500, 0.1000, alpha 0.5, lr 0.0050/0.0500/0.0010, wd 0.0001/0.0010/0.0001, loss 11.9096130705
-0.9000, 1.2000, alpha 2.0, lr 0.0010/0.0100/0.0100, wd 0.0005/0.0005/0.0005, loss 0.0196706049
2.0000, -0.3500, alpha 2.0, lr 0.0050/0.0010/0.0500, wd 0.0000/0.0001/0.0000, loss 1.4663429905
-0.9500, 1.2000, alpha 2.0, lr 0.0010/0.0100/0.0100, wd 0.0005/0.0005/0.0005, loss 0.0174971665
-1.0000, 0.9500, alpha 2.0, lr 0.0010/0.0100/0.0050, wd 0.0005/0.0005/0.0005, loss 0.0156220220
-0.8500, 1.2500, alpha 2.0, lr 0.0010/0.0100/0.0100, wd 0.0005/0.0005/0.0005, loss 0.0281979576
-1.0000, 0.9000, alpha 2.0, lr 0.0010/0.0100/0.0050, wd 0.0005/0.0005/0.0005, loss 0.0156248841
-0.1000, 0.8000, alpha 2.0, lr 0.0010/0.0050/0.0050, wd 0.0005/0.0001/0.0005, loss 2.3053953037
0.0000, 0.8500, alpha 2.0, lr 0.0010/0.0100/0.0050, wd 0.0005/0.0005/0.0005, loss 3.3809737708
-0.1500, 1.9500, alpha 2.0, lr 0.0010/0.0100/0.0050, wd 0.0010/0.0000/0.0005, loss 6.7331769353
-0.5500, 0.1500, alpha 1.5, lr 0.0100/0.0100/0.0050, wd 0.0005/0.0005/0.0005, loss 0.0611038496
-1.0000, 1.5500, alpha 1.5, lr 0.0010/0.0050/0.0050, wd 0.0005/0.0005/0.0010, loss 0.0156153241
-0.5000, 1.6500, alpha 1.5, lr 0.0010/0.0100/0.0050, wd 0.0010/0.0000/0.0005, loss 1.7297447757
-1.0000, 1.5500, alpha 1.5, lr 0.0010/0.0050/0.0050, wd 0.0005/0.0005/0.0010, loss 0.0156159905
-1.0000, 0.9000, alpha 2.0, lr 0.0010/0.0050/0.0050, wd 0.0005/0.0005/0.0010, loss 0.0156156568
-0.7500, 1.6000, alpha 1.5, lr 0.0010/0.0050/0.0050, wd 0.0005/0.0005/0.0010, loss 0.1499862103
-0.4000, 1.8000, alpha 1.5, lr 0.0010/0.0050/0.0050, wd 0.0005/0.0001/0.0010, loss 2.6119630465
-0.7500, 1.5500, alpha 1.5, lr 0.0010/0.0050/0.0050, wd 0.0005/0.0005/0.0010, loss 0.1561657254
-0.7500, 1.5000, alpha 1.0, lr 0.0010/0.0050/0.0050, wd 0.0005/0.0005/0.0010, loss 0.1111728382
-0.3500, 1.1000, alpha 1.5, lr 0.0100/0.0050/0.0050, wd 0.0005/0.0005/0.0010, loss 1.0025585510
-0.3000, 1.0000, alpha 1.0, lr 0.0500/0.0050/0.0050, wd 0.0005/0.0005/0.0010, loss 0.5687369664
0.3000, 2.0000, alpha 0.5, lr 0.0500/0.0050/0.0050, wd 0.0010/0.0000/0.0010, loss 4.0047861058
-0.6500, 0.7500, alpha 2.0, lr 0.0010/0.0050/0.0050, wd 0.0005/0.0005/0.0010, loss 0.0736090327
-1.0000, 0.3500, alpha 2.0, lr 0.0010/0.0050/0.0050, wd 0.0005/0.0005/0.0010, loss 0.0166363835
0.2500, 1.4000, alpha 1.5, lr 0.0500/0.0050/0.0050, wd 0.0010/0.0000/0.0010, loss 6.2835625559
0.1500, 1.4000, alpha 1.5, lr 0.0010/0.0050/0.0050, wd 0.0005/0.0005/0.0000, loss 5.5634010186
-1.0000, 0.6500, alpha 2.0, lr 0.0010/0.0500/0.0500, wd 0.0001/0.0005/0.0010, loss 0.0156153239
-0.8000, 1.7000, alpha 2.0, lr 0.0010/0.0050/0.0500, wd 0.0005/0.0005/0.0000, loss 0.0200225139
1.3000, 0.5500, alpha 1.5, lr 0.0010/0.0500/0.0500, wd 0.0001/0.0001/0.0010, loss 6.1049156517
0.7500, -0.1500, alpha 2.0, lr 0.0100/0.0500/0.0500, wd 0.0001/0.0005/0.0010, loss 2.8691343115
1.1000, 0.5500, alpha 1.5, lr 0.0100/0.0500/0.0500, wd 0.0001/0.0001/0.0010, loss 5.3425815689
-0.6500, 0.7500, alpha 1.0, lr 0.0050/0.0500/0.0500, wd 0.0001/0.0005/0.0010, loss 0.0160035369
-1.0000, 1.0500, alpha 2.0, lr 0.0010/0.0010/0.0010, wd 0.0000/0.0005/0.0010, loss 0.0603949700
-0.6000, 1.1000, alpha 1.0, lr 0.0050/0.0500/0.0010, wd 0.0001/0.0010/0.0010, loss 1.9120785923
-0.6000, 0.3500, alpha 2.0, lr 0.0010/0.0500/0.0010, wd 0.0001/0.0010/0.0010, loss 0.6694344652
-0.8500, 0.6500, alpha 2.0, lr 0.0010/0.0010/0.0500, wd 0.0000/0.0005/0.0001, loss 0.0156152746
-0.8500, -0.9500, alpha 2.0, lr 0.0010/0.0500/0.0050, wd 0.0000/0.0005/0.0001, loss 7.6239435758
-0.8500, -0.9500, alpha 2.0, lr 0.0010/0.0010/0.0500, wd 0.0000/0.0005/0.0001, loss 3.3301788963
-0.4500, 0.7000, alpha 1.5, lr 0.0500/0.0010/0.0500, wd 0.0000/0.0005/0.0001, loss 0.0167034638
-0.8500, 0.6500, alpha 1.5, lr 0.0010/0.0010/0.0500, wd 0.0000/0.0005/0.0001, loss 0.0156231309
-0.9000, -0.0500, alpha 2.0, lr 0.0010/0.0010/0.0500, wd 0.0000/0.0005/0.0001, loss 0.0326505847
-0.3000, 0.4500, alpha 2.0, lr 0.0050/0.0010/0.0100, wd 0.0001/0.0010/0.0000, loss 0.0767622431
-0.2500, 0.4000, alpha 2.0, lr 0.0010/0.0010/0.0100, wd 0.0000/0.0005/0.0001, loss 0.1146260195
-1.0000, 1.2500, alpha 2.0, lr 0.0010/0.0050/0.0500, wd 0.0005/0.0005/0.0010, loss 0.0156153339
-1.0000, 0.9500, alpha 2.0, lr 0.0010/0.0100/0.0500, wd 0.0005/0.0005/0.0010, loss 0.0156153513
-0.7000, 1.3500, alpha 2.0, lr 0.0010/0.0050/0.0500, wd 0.0005/0.0005/0.0010, loss 0.0218589240
-0.9000, 1.2500, alpha 2.0, lr 0.0010/0.0100/0.0500, wd 0.0005/0.0005/0.0010, loss 0.0159370916
-0.7500, 0.9000, alpha 2.0, lr 0.0010/0.0100/0.0500, wd 0.0005/0.0000/0.0010, loss 0.0166243377
-0.7000, 1.3000, alpha 2.0, lr 0.0010/0.0100/0.0500, wd 0.0005/0.0005/0.0010, loss 0.0201324976
-0.5000, 1.0000, alpha 2.0, lr 0.0010/0.0050/0.0500, wd 0.0010/0.0005/0.0010, loss 0.0289333790
-1.0000, 1.1500, alpha 2.0, lr 0.0010/0.0050/0.0500, wd 0.0005/0.0005/0.0000, loss 0.0156152437
-0.5000, 0.8500, alpha 2.0, lr 0.0010/0.0050/0.0500, wd 0.0010/0.0005/0.0010, loss 0.0172531913
1.9000, 1.2000, alpha 2.0, lr 0.0010/0.0500/0.0500, wd 0.0005/0.0005/0.0000, loss 12.4289792734
-1.0000, 1.1500, alpha 2.0, lr 0.0010/0.0050/0.0500, wd 0.0005/0.0005/0.0000, loss 0.0156152441
-1.0000, 1.1000, alpha 2.0, lr 0.0010/0.0050/0.0500, wd 0.0005/0.0005/0.0000, loss 0.0156152436
-0.9500, 1.1500, alpha 2.0, lr 0.0010/0.0050/0.0500, wd 0.0005/0.0005/0.0000, loss 0.0156152798
-0.9000, 1.1500, alpha 2.0, lr 0.0010/0.0050/0.0500, wd 0.0005/0.0001/0.0000, loss 0.0156351497
-0.8500, 1.1500, alpha 2.0, lr 0.0010/0.0050/0.0500, wd 0.0005/0.0005/0.0000, loss 0.0156526300
-0.8000, 1.7500, alpha 2.0, lr 0.0100/0.0050/0.0500, wd 0.0005/0.0005/0.0000, loss 0.0244517240
-0.9000, 1.9000, alpha 2.0, lr 0.0500/0.0050/0.0500, wd 0.0005/0.0000/0.0000, loss 0.0172372518
-0.7500, 1.5000, alpha 2.0, lr 0.0100/0.0050/0.0500, wd 0.0005/0.0005/0.0000, loss 0.0211039126
-0.6000, 1.4500, alpha 0.5, lr 0.0010/0.0050/0.0500, wd 0.0001/0.0005/0.0000, loss 0.2114063888
-1.0000, 1.3000, alpha 2.0, lr 0.0010/0.0050/0.0500, wd 0.0005/0.0005/0.0000, loss 0.0156152433
-0.9500, 1.6500, alpha 2.0, lr 0.0010/0.0050/0.0500, wd 0.0005/0.0005/0.0000, loss 0.0157383595
-0.6000, -0.5000, alpha 0.5, lr 0.0010/0.0050/0.0500, wd 0.0001/0.0010/0.0000, loss 0.2820238420
-0.8000, 1.3500, alpha 2.0, lr 0.0010/0.0050/0.0500, wd 0.0005/0.0005/0.0000, loss 0.0167001471
-0.9500, 1.0500, alpha 2.0, lr 0.0050/0.0050/0.0100, wd 0.0005/0.0005/0.0000, loss 0.0156500184
-0.8000, 1.3500, alpha 2.0, lr 0.0010/0.0050/0.0500, wd 0.0005/0.0005/0.0000, loss 0.0163538108
-0.7000, 0.8000, alpha 2.0, lr 0.0010/0.0050/0.0500, wd 0.0005/0.0005/0.0000, loss 0.0156421406
-0.9000, 0.2500, alpha 2.0, lr 0.0010/0.0050/0.0010, wd 0.0000/0.0001/0.0000, loss 1.0922894549
-1.0000, 0.6500, alpha 1.5, lr 0.0010/0.0500/0.0500, wd 0.0005/0.0005/0.0000, loss 0.0156154157
0.4000, 0.6000, alpha 2.0, lr 0.0010/0.0050/0.0010, wd 0.0000/0.0005/0.0000, loss 16.2780979478
0.4000, 1.5500, alpha 2.0, lr 0.0010/0.0010/0.0500, wd 0.0005/0.0005/0.0000, loss 1.9671159504
-1.0000, 1.2000, alpha 2.0, lr 0.0010/0.0050/0.0500, wd 0.0005/0.0005/0.0000, loss 0.0156152443
-0.9500, 1.2500, alpha 2.0, lr 0.0010/0.0050/0.0500, wd 0.0005/0.0005/0.0000, loss 0.0156157472
-0.9500, 1.1000, alpha 2.0, lr 0.0010/0.0050/0.0500, wd 0.0005/0.0005/0.0000, loss 0.0156152507
-0.8000, 1.1000, alpha 2.0, lr 0.0010/0.0050/0.0500, wd 0.0005/0.0005/0.0000, loss 0.0158559132
-0.8000, 1.1000, alpha 2.0, lr 0.0010/0.0050/0.0500, wd 0.0005/0.0005/0.0000, loss 0.0156476827
-0.9000, 1.0000, alpha 2.0, lr 0.0500/0.0050/0.0500, wd 0.0005/0.0005/0.0000, loss 0.0156412195
-0.9000, 1.0000, alpha 2.0, lr 0.0500/0.0050/0.0500, wd 0.0001/0.0000/0.0000, loss 0.0156152394
1.3000, 0.9000, alpha 2.0, lr 0.0010/0.0010/0.0500, wd 0.0001/0.0000/0.0000, loss 2.5561845654
-0.7000, 1.2000, alpha 2.0, lr 0.0050/0.0050/0.0500, wd 0.0010/0.0000/0.0000, loss 0.0184626010
-0.9500, 0.8000, alpha 2.0, lr 0.0500/0.0050/0.0500, wd 0.0001/0.0000/0.0000, loss 0.0156160445
1.3500, 1.1500, alpha 2.0, lr 0.0500/0.0050/0.0500, wd 0.0010/0.0000/0.0000, loss 4.5013863385
0.0500, 1.0000, alpha 2.0, lr 0.0500/0.0050/0.0500, wd 0.0001/0.0000/0.0001, loss 0.5419116052
-1.0000, 0.9500, alpha 2.0, lr 0.0010/0.0500/0.0500, wd 0.0001/0.0005/0.0005, loss 0.0156152945
0.0500, 1.0000, alpha 2.0, lr 0.0500/0.0500/0.0500, wd 0.0001/0.0000/0.0001, loss 2.8640489681
0.7000, 1.3000, alpha 2.0, lr 0.0500/0.0050/0.0500, wd 0.0001/0.0010/0.0005, loss 3.2190327528
-0.8500, 1.4500, alpha 2.0, lr 0.0010/0.0050/0.0100, wd 0.0005/0.0005/0.0005, loss 0.0357376742
-1.0000, 0.9500, alpha 2.0, lr 0.0010/0.0010/0.0500, wd 0.0000/0.0005/0.0005, loss 0.0156152692
-0.8500, 1.3000, alpha 2.0, lr 0.0010/0.0050/0.0500, wd 0.0005/0.0010/0.0005, loss 0.0156393195
best params  {'lr1': 0.05, 'lr2': 0.005, 'lr3': 0.05, 'wd1': 0.0001, 'wd2': 0.0, 'wd3': 0.0, 'alpha': 2.0, 'a': -0.9, 'b': 1.0}
best valf1  0.015615239408798515
